
Microsoft (R) Visual Studio Version 9.0.21022.8.
Copyright (C) Microsoft Corp. All rights reserved.
1>------ Build started: Project: Browser, Configuration: Debug Win32 ------
1>Compiling...
1>ComboBoxEx.cpp
1>main.cpp
1>Mainfrm.cpp
1>View.cpp
1>BrowserApp.cpp
1>Generating Code...
1>Compiling resources...
1>Microsoft (R) Windows (R) Resource Compiler Version 6.1.6723.1
1>Copyright (C) Microsoft Corporation.  All rights reserved.
1>Linking...
1>Build log was saved at "file://c:\Users\David\Documents\Visual Studio Projects\Win32++\Browser\ProjectFiles\Debug\BuildLog.htm"
1>Browser - 0 error(s), 0 warning(s)
========== Build: 1 succeeded, 0 failed, 0 up-to-date, 0 skipped ==========

Microsoft (R) Visual Studio Version 9.0.21022.8.
Copyright (C) Microsoft Corp. All rights reserved.
1>------ Build started: Project: Browser, Configuration: Release Win32 ------
1>Compiling...
1>BrowserApp.cpp
1>View.cpp
1>Mainfrm.cpp
1>main.cpp
1>ComboBoxEx.cpp
1>Generating Code...
1>Compiling resources...
1>Microsoft (R) Windows (R) Resource Compiler Version 6.1.6723.1
1>Copyright (C) Microsoft Corporation.  All rights reserved.
1>Linking...
1>Build log was saved at "file://c:\Users\David\Documents\Visual Studio Projects\Win32++\Browser\ProjectFiles\Release\BuildLog.htm"
1>Browser - 0 error(s), 0 warning(s)
========== Build: 1 succeeded, 0 failed, 0 up-to-date, 0 skipped ==========

Microsoft (R) Visual Studio Version 9.0.21022.8.
Copyright (C) Microsoft Corp. All rights reserved.
1>------ Build started: Project: Dialog, Configuration: Debug Win32 ------
1>Compiling...
1>main.cpp
1>MyDialog.cpp
1>DialogApp.cpp
1>Generating Code...
1>Compiling resources...
1>Microsoft (R) Windows (R) Resource Compiler Version 6.1.6723.1
1>Copyright (C) Microsoft Corporation.  All rights reserved.
1>Linking...
1>Build log was saved at "file://c:\Users\David\Documents\Visual Studio Projects\Win32++\Dialog\ProjectFiles\Debug\BuildLog.htm"
1>Dialog - 0 error(s), 0 warning(s)
========== Build: 1 succeeded, 0 failed, 0 up-to-date, 0 skipped ==========

Microsoft (R) Visual Studio Version 9.0.21022.8.
Copyright (C) Microsoft Corp. All rights reserved.
1>------ Build started: Project: Dialog, Configuration: Release Win32 ------
1>Compiling...
1>DialogApp.cpp
1>MyDialog.cpp
1>main.cpp
1>Generating Code...
1>Compiling resources...
1>Microsoft (R) Windows (R) Resource Compiler Version 6.1.6723.1
1>Copyright (C) Microsoft Corporation.  All rights reserved.
1>Linking...
1>Build log was saved at "file://c:\Users\David\Documents\Visual Studio Projects\Win32++\Dialog\ProjectFiles\Release\BuildLog.htm"
1>Dialog - 0 error(s), 0 warning(s)
========== Build: 1 succeeded, 0 failed, 0 up-to-date, 0 skipped ==========

Microsoft (R) Visual Studio Version 9.0.21022.8.
Copyright (C) Microsoft Corp. All rights reserved.
1>------ Build started: Project: DialogBarsDemo, Configuration: Debug Win32 ------
1>Compiling...
1>main.cpp
1>MyDialog.cpp
1>Progressbar.cpp
1>Scrollbar.cpp
1>Slider.cpp
1>DialogApp.cpp
1>Generating Code...
1>Compiling resources...
1>Microsoft (R) Windows (R) Resource Compiler Version 6.1.6723.1
1>Copyright (C) Microsoft Corporation.  All rights reserved.
1>Linking...
1>Build log was saved at "file://c:\Users\David\Documents\Visual Studio Projects\Win32++\DialogBarsDemo\ProjectFiles\Debug\BuildLog.htm"
1>DialogBarsDemo - 0 error(s), 0 warning(s)
========== Build: 1 succeeded, 0 failed, 0 up-to-date, 0 skipped ==========

Microsoft (R) Visual Studio Version 9.0.21022.8.
Copyright (C) Microsoft Corp. All rights reserved.
1>------ Build started: Project: DialogBarsDemo, Configuration: Release Win32 ------
1>Compiling...
1>DialogApp.cpp
1>Slider.cpp
1>Scrollbar.cpp
1>Progressbar.cpp
1>MyDialog.cpp
1>main.cpp
1>Generating Code...
1>Compiling resources...
1>Microsoft (R) Windows (R) Resource Compiler Version 6.1.6723.1
1>Copyright (C) Microsoft Corporation.  All rights reserved.
1>Linking...
1>Build log was saved at "file://c:\Users\David\Documents\Visual Studio Projects\Win32++\DialogBarsDemo\ProjectFiles\Release\BuildLog.htm"
1>DialogBarsDemo - 0 error(s), 0 warning(s)
========== Build: 1 succeeded, 0 failed, 0 up-to-date, 0 skipped ==========

Microsoft (R) Visual Studio Version 9.0.21022.8.
Copyright (C) Microsoft Corp. All rights reserved.
1>------ Build started: Project: DialogDemo_2008, Configuration: Debug Win32 ------
1>Compiling...
1>DialogDemoApp.cpp
1>Hyperlink.cpp
1>main.cpp
1>MyDialog.cpp
1>Button.cpp
1>Generating Code...
1>Compiling resources...
1>Microsoft (R) Windows (R) Resource Compiler Version 6.1.6723.1
1>Copyright (C) Microsoft Corporation.  All rights reserved.
1>Linking...
1>Build log was saved at "file://c:\Users\David\Documents\Visual Studio Projects\Win32++\DialogDemo\ProjectFiles\Debug\BuildLog.htm"
1>DialogDemo_2008 - 0 error(s), 0 warning(s)
========== Build: 1 succeeded, 0 failed, 0 up-to-date, 0 skipped ==========

Microsoft (R) Visual Studio Version 9.0.21022.8.
Copyright (C) Microsoft Corp. All rights reserved.
1>------ Build started: Project: DialogDemo_2008, Configuration: Release Win32 ------
1>Compiling...
1>Button.cpp
1>MyDialog.cpp
1>main.cpp
1>Hyperlink.cpp
1>DialogDemoApp.cpp
1>Generating Code...
1>Compiling resources...
1>Microsoft (R) Windows (R) Resource Compiler Version 6.1.6723.1
1>Copyright (C) Microsoft Corporation.  All rights reserved.
1>Linking...
1>Build log was saved at "file://c:\Users\David\Documents\Visual Studio Projects\Win32++\DialogDemo\ProjectFiles\Release\BuildLog.htm"
1>DialogDemo_2008 - 0 error(s), 0 warning(s)
========== Build: 1 succeeded, 0 failed, 0 up-to-date, 0 skipped ==========

Microsoft (R) Visual Studio Version 9.0.21022.8.
Copyright (C) Microsoft Corp. All rights reserved.
1>------ Build started: Project: DialogTabDemo, Configuration: Debug Win32 ------
1>Compiling...
1>main.cpp
1>MyDialog.cpp
1>DialogApp.cpp
1>Generating Code...
1>Compiling resources...
1>Microsoft (R) Windows (R) Resource Compiler Version 6.1.6723.1
1>Copyright (C) Microsoft Corporation.  All rights reserved.
1>Linking...
1>Build log was saved at "file://c:\Users\David\Documents\Visual Studio Projects\Win32++\DialogTabDemo\ProjectFiles\Debug\BuildLog.htm"
1>DialogTabDemo - 0 error(s), 0 warning(s)
========== Build: 1 succeeded, 0 failed, 0 up-to-date, 0 skipped ==========

Microsoft (R) Visual Studio Version 9.0.21022.8.
Copyright (C) Microsoft Corp. All rights reserved.
1>------ Build started: Project: DialogTabDemo, Configuration: Release Win32 ------
1>Compiling...
1>DialogApp.cpp
1>MyDialog.cpp
1>main.cpp
1>Generating Code...
1>Compiling resources...
1>Microsoft (R) Windows (R) Resource Compiler Version 6.1.6723.1
1>Copyright (C) Microsoft Corporation.  All rights reserved.
1>Linking...
1>Build log was saved at "file://c:\Users\David\Documents\Visual Studio Projects\Win32++\DialogTabDemo\ProjectFiles\Release\BuildLog.htm"
1>DialogTabDemo - 0 error(s), 0 warning(s)
========== Build: 1 succeeded, 0 failed, 0 up-to-date, 0 skipped ==========

Microsoft (R) Visual Studio Version 9.0.21022.8.
Copyright (C) Microsoft Corp. All rights reserved.
1>------ Build started: Project: ContainerDocking, Configuration: Debug Win32 ------
1>Compiling...
1>Classes.cpp
1>Text.cpp
1>Simple.cpp
1>Output.cpp
1>Mainfrm.cpp
1>main.cpp
1>Files.cpp
1>ContainerApp.cpp
1>ComboBoxEx.cpp
1>Generating Code...
1>Compiling resources...
1>Microsoft (R) Windows (R) Resource Compiler Version 6.1.6723.1
1>Copyright (C) Microsoft Corporation.  All rights reserved.
1>Linking...
1>Build log was saved at "file://c:\Users\David\Documents\Visual Studio Projects\Win32++\DockContainer\ProjectFiles\Debug\BuildLog.htm"
1>ContainerDocking - 0 error(s), 0 warning(s)
========== Build: 1 succeeded, 0 failed, 0 up-to-date, 0 skipped ==========

Microsoft (R) Visual Studio Version 9.0.21022.8.
Copyright (C) Microsoft Corp. All rights reserved.
1>------ Build started: Project: ContainerDocking, Configuration: Release Win32 ------
1>Compiling...
1>Text.cpp
1>Simple.cpp
1>Output.cpp
1>Mainfrm.cpp
1>main.cpp
1>Files.cpp
1>ContainerApp.cpp
1>ComboBoxEx.cpp
1>Classes.cpp
1>Generating Code...
1>Compiling resources...
1>Microsoft (R) Windows (R) Resource Compiler Version 6.1.6723.1
1>Copyright (C) Microsoft Corporation.  All rights reserved.
1>Linking...
1>Embedding manifest...
1>Build log was saved at "file://c:\Users\David\Documents\Visual Studio Projects\Win32++\DockContainer\ProjectFiles\Release\BuildLog.htm"
1>ContainerDocking - 0 error(s), 0 warning(s)
========== Build: 1 succeeded, 0 failed, 0 up-to-date, 0 skipped ==========

Microsoft (R) Visual Studio Version 9.0.21022.8.
Copyright (C) Microsoft Corp. All rights reserved.
1>------ Build started: Project: Docking_2008, Configuration: Debug Win32 ------
1>Compiling...
1>DockingApp.cpp
1>main.cpp
1>Mainfrm.cpp
1>Views.cpp
1>Dockers.cpp
1>Generating Code...
1>Compiling resources...
1>Microsoft (R) Windows (R) Resource Compiler Version 6.1.6723.1
1>Copyright (C) Microsoft Corporation.  All rights reserved.
1>Linking...
1>Build log was saved at "file://c:\Users\David\Documents\Visual Studio Projects\Win32++\DockSimple\ProjectFiles\Debug\BuildLog.htm"
1>Docking_2008 - 0 error(s), 0 warning(s)
========== Build: 1 succeeded, 0 failed, 0 up-to-date, 0 skipped ==========

Microsoft (R) Visual Studio Version 9.0.21022.8.
Copyright (C) Microsoft Corp. All rights reserved.
1>------ Build started: Project: Docking_2008, Configuration: Release Win32 ------
1>Compiling...
1>Dockers.cpp
1>Views.cpp
1>Mainfrm.cpp
1>main.cpp
1>DockingApp.cpp
1>Generating Code...
1>Compiling resources...
1>Microsoft (R) Windows (R) Resource Compiler Version 6.1.6723.1
1>Copyright (C) Microsoft Corporation.  All rights reserved.
1>Linking...
1>Build log was saved at "file://c:\Users\David\Documents\Visual Studio Projects\Win32++\DockSimple\ProjectFiles\Release\BuildLog.htm"
1>Docking_2008 - 0 error(s), 0 warning(s)
========== Build: 1 succeeded, 0 failed, 0 up-to-date, 0 skipped ==========

Microsoft (R) Visual Studio Version 9.0.21022.8.
Copyright (C) Microsoft Corp. All rights reserved.
1>------ Build started: Project: TabbedMDI, Configuration: Debug Win32 ------
1>Compiling...
1>Classes.cpp
1>Text.cpp
1>TabbedMDIApp.cpp
1>Simple.cpp
1>Rect.cpp
1>Output.cpp
1>MyTabbedMDI.cpp
1>Mainfrm.cpp
1>main.cpp
1>Files.cpp
1>DockTabbedMDI.cpp
1>ComboBoxEx.cpp
1>Generating Code...
1>Compiling resources...
1>Microsoft (R) Windows (R) Resource Compiler Version 6.1.6723.1
1>Copyright (C) Microsoft Corporation.  All rights reserved.
1>Linking...
1>Build log was saved at "file://c:\Users\David\Documents\Visual Studio Projects\Win32++\DockTabbedMDI\ProjectFiles\Debug\BuildLog.htm"
1>TabbedMDI - 0 error(s), 0 warning(s)
========== Build: 1 succeeded, 0 failed, 0 up-to-date, 0 skipped ==========

Microsoft (R) Visual Studio Version 9.0.21022.8.
Copyright (C) Microsoft Corp. All rights reserved.
1>------ Build started: Project: TabbedMDI, Configuration: Release Win32 ------
1>Compiling...
1>Text.cpp
1>TabbedMDIApp.cpp
1>Simple.cpp
1>Rect.cpp
1>Output.cpp
1>MyTabbedMDI.cpp
1>Mainfrm.cpp
1>main.cpp
1>Files.cpp
1>DockTabbedMDI.cpp
1>ComboBoxEx.cpp
1>Classes.cpp
1>Generating Code...
1>Compiling resources...
1>Microsoft (R) Windows (R) Resource Compiler Version 6.1.6723.1
1>Copyright (C) Microsoft Corporation.  All rights reserved.
1>Linking...
1>Embedding manifest...
1>Build log was saved at "file://c:\Users\David\Documents\Visual Studio Projects\Win32++\DockTabbedMDI\ProjectFiles\Release\BuildLog.htm"
1>TabbedMDI - 0 error(s), 0 warning(s)
========== Build: 1 succeeded, 0 failed, 0 up-to-date, 0 skipped ==========

Microsoft (R) Visual Studio Version 9.0.21022.8.
Copyright (C) Microsoft Corp. All rights reserved.
1>------ Build started: Project: DocViewForm, Configuration: Debug Win32 ------
1>Compiling...
1>FormApp.cpp
1>StdAfx.cpp
1>Mainfrm.cpp
1>FormView.cpp
1>FormDoc.cpp
1>Generating Code...
1>Compiling resources...
1>Microsoft (R) Windows (R) Resource Compiler Version 6.1.6723.1
1>Copyright (C) Microsoft Corporation.  All rights reserved.
1>Linking...
1>Build log was saved at "file://c:\Users\David\Documents\Visual Studio Projects\Win32++\DocViewForm\ProjectFiles\Debug\BuildLog.htm"
1>DocViewForm - 0 error(s), 0 warning(s)
========== Build: 1 succeeded, 0 failed, 0 up-to-date, 0 skipped ==========

Microsoft (R) Visual Studio Version 9.0.21022.8.
Copyright (C) Microsoft Corp. All rights reserved.
1>------ Build started: Project: DocViewForm, Configuration: Release Win32 ------
1>Compiling...
1>FormApp.cpp
1>StdAfx.cpp
1>Mainfrm.cpp
1>FormView.cpp
1>FormDoc.cpp
1>Generating Code...
1>Compiling resources...
1>Microsoft (R) Windows (R) Resource Compiler Version 6.1.6723.1
1>Copyright (C) Microsoft Corporation.  All rights reserved.
1>Linking...
1>Build log was saved at "file://c:\Users\David\Documents\Visual Studio Projects\Win32++\DocViewForm\ProjectFiles\Release\BuildLog.htm"
1>DocViewForm - 0 error(s), 0 warning(s)
========== Build: 1 succeeded, 0 failed, 0 up-to-date, 0 skipped ==========

Microsoft (R) Visual Studio Version 9.0.21022.8.
Copyright (C) Microsoft Corp. All rights reserved.
1>------ Build started: Project: DX, Configuration: Debug Win32 ------
1>Compiling...
1>View.cpp
1>c:\users\david\documents\visual studio projects\win32++\dx\src\view.cpp(8) : fatal error C1083: Cannot open include file: 'd3dx9.h': No such file or directory
1>main.cpp
1>DXApp.cpp
1>Generating Code...
1>Build log was saved at "file://c:\Users\David\Documents\Visual Studio Projects\Win32++\DX\ProjectFiles\Debug\BuildLog.htm"
1>DX - 1 error(s), 0 warning(s)
========== Build: 0 succeeded, 1 failed, 0 up-to-date, 0 skipped ==========

Microsoft (R) Visual Studio Version 9.0.21022.8.
Copyright (C) Microsoft Corp. All rights reserved.
1>------ Build started: Project: DX, Configuration: Release Win32 ------
1>Compiling...
1>View.cpp
1>..\src\View.cpp(8) : fatal error C1083: Cannot open include file: 'd3dx9.h': No such file or directory
1>main.cpp
1>DXApp.cpp
1>Generating Code...
1>Build log was saved at "file://c:\Users\David\Documents\Visual Studio Projects\Win32++\DX\ProjectFiles\Release\BuildLog.htm"
1>DX - 1 error(s), 0 warning(s)
========== Build: 0 succeeded, 1 failed, 0 up-to-date, 0 skipped ==========

Microsoft (R) Visual Studio Version 9.0.21022.8.
Copyright (C) Microsoft Corp. All rights reserved.
1>------ Build started: Project: Explorer, Configuration: Debug Win32 ------
1>Compiling...
1>main.cpp
1>Mainfrm.cpp
1>MyListView.cpp
1>MyTreeView.cpp
1>ShellWrapper.cpp
1>SplitterPanes.cpp
1>ExplorerApp.cpp
1>Generating Code...
1>Compiling resources...
1>Microsoft (R) Windows (R) Resource Compiler Version 6.1.6723.1
1>Copyright (C) Microsoft Corporation.  All rights reserved.
1>Linking...
1>Build log was saved at "file://c:\Users\David\Documents\Visual Studio Projects\Win32++\Explorer\ProjectFiles\Debug\BuildLog.htm"
1>Explorer - 0 error(s), 0 warning(s)
========== Build: 1 succeeded, 0 failed, 0 up-to-date, 0 skipped ==========

Microsoft (R) Visual Studio Version 9.0.21022.8.
Copyright (C) Microsoft Corp. All rights reserved.
1>------ Build started: Project: Explorer, Configuration: Release Win32 ------
1>Compiling...
1>ExplorerApp.cpp
1>SplitterPanes.cpp
1>ShellWrapper.cpp
1>MyTreeView.cpp
1>MyListView.cpp
1>Mainfrm.cpp
1>main.cpp
1>Generating Code...
1>Compiling resources...
1>Microsoft (R) Windows (R) Resource Compiler Version 6.1.6723.1
1>Copyright (C) Microsoft Corporation.  All rights reserved.
1>Linking...
1>Build log was saved at "file://c:\Users\David\Documents\Visual Studio Projects\Win32++\Explorer\ProjectFiles\Release\BuildLog.htm"
1>Explorer - 0 error(s), 0 warning(s)
========== Build: 1 succeeded, 0 failed, 0 up-to-date, 0 skipped ==========

Microsoft (R) Visual Studio Version 9.0.21022.8.
Copyright (C) Microsoft Corp. All rights reserved.
1>------ Build started: Project: FastGDI_2008, Configuration: Debug Win32 ------
1>Compiling...
1>ColourDialog.cpp
1>View.cpp
1>Mainfrm.cpp
1>main.cpp
1>FastGDIApp.cpp
1>Generating Code...
1>Compiling resources...
1>Microsoft (R) Windows (R) Resource Compiler Version 6.1.6723.1
1>Copyright (C) Microsoft Corporation.  All rights reserved.
1>Linking...
1>Build log was saved at "file://c:\Users\David\Documents\Visual Studio Projects\Win32++\FastGDI\ProjectFiles\Debug\BuildLog.htm"
1>FastGDI_2008 - 0 error(s), 0 warning(s)
========== Build: 1 succeeded, 0 failed, 0 up-to-date, 0 skipped ==========

Microsoft (R) Visual Studio Version 9.0.21022.8.
Copyright (C) Microsoft Corp. All rights reserved.
1>------ Build started: Project: FastGDI_2008, Configuration: Release Win32 ------
1>Compiling...
1>ColourDialog.cpp
1>View.cpp
1>Mainfrm.cpp
1>main.cpp
1>FastGDIApp.cpp
1>Generating Code...
1>Compiling resources...
1>Microsoft (R) Windows (R) Resource Compiler Version 6.1.6723.1
1>Copyright (C) Microsoft Corporation.  All rights reserved.
1>Linking...
1>Build log was saved at "file://c:\Users\David\Documents\Visual Studio Projects\Win32++\FastGDI\ProjectFiles\Release\BuildLog.htm"
1>FastGDI_2008 - 0 error(s), 0 warning(s)
========== Build: 1 succeeded, 0 failed, 0 up-to-date, 0 skipped ==========

Microsoft (R) Visual Studio Version 9.0.21022.8.
Copyright (C) Microsoft Corp. All rights reserved.
1>------ Build started: Project: Frame, Configuration: Debug Win32 ------
1>Compiling...
1>main.cpp
1>Mainfrm.cpp
1>View.cpp
1>FrameApp.cpp
1>Generating Code...
1>Compiling resources...
1>Microsoft (R) Windows (R) Resource Compiler Version 6.1.6723.1
1>Copyright (C) Microsoft Corporation.  All rights reserved.
1>Linking...
1>Build log was saved at "file://c:\Users\David\Documents\Visual Studio Projects\Win32++\Frame\ProjectFiles\Debug\BuildLog.htm"
1>Frame - 0 error(s), 0 warning(s)
========== Build: 1 succeeded, 0 failed, 0 up-to-date, 0 skipped ==========

Microsoft (R) Visual Studio Version 9.0.21022.8.
Copyright (C) Microsoft Corp. All rights reserved.
1>------ Build started: Project: Frame, Configuration: Release Win32 ------
1>Compiling...
1>FrameApp.cpp
1>View.cpp
1>Mainfrm.cpp
1>main.cpp
1>Generating Code...
1>Compiling resources...
1>Microsoft (R) Windows (R) Resource Compiler Version 6.1.6723.1
1>Copyright (C) Microsoft Corporation.  All rights reserved.
1>Linking...
1>Build log was saved at "file://c:\Users\David\Documents\Visual Studio Projects\Win32++\Frame\ProjectFiles\Release\BuildLog.htm"
1>Frame - 0 error(s), 0 warning(s)
========== Build: 1 succeeded, 0 failed, 0 up-to-date, 0 skipped ==========

Microsoft (R) Visual Studio Version 9.0.21022.8.
Copyright (C) Microsoft Corp. All rights reserved.
1>------ Build started: Project: MDIDemo, Configuration: Debug Win32 ------
1>Compiling...
1>MainMDIfrm.cpp
1>MDIChildListView.cpp
1>MDIChildMax.cpp
1>MDIChildRect.cpp
1>MDIChildSimple.cpp
1>MDIChildText.cpp
1>MDIChildTreeView.cpp
1>MDIDemoApp.cpp
1>main.cpp
1>Generating Code...
1>Compiling resources...
1>Microsoft (R) Windows (R) Resource Compiler Version 6.1.6723.1
1>Copyright (C) Microsoft Corporation.  All rights reserved.
1>Linking...
1>Build log was saved at "file://c:\Users\David\Documents\Visual Studio Projects\Win32++\MDIDemo\ProjectFiles\Debug\BuildLog.htm"
1>MDIDemo - 0 error(s), 0 warning(s)
========== Build: 1 succeeded, 0 failed, 0 up-to-date, 0 skipped ==========

Microsoft (R) Visual Studio Version 9.0.21022.8.
Copyright (C) Microsoft Corp. All rights reserved.
1>------ Build started: Project: MDIDemo, Configuration: Release Win32 ------
1>Compiling...
1>main.cpp
1>MDIDemoApp.cpp
1>MDIChildTreeView.cpp
1>MDIChildText.cpp
1>MDIChildSimple.cpp
1>MDIChildRect.cpp
1>MDIChildMax.cpp
1>MDIChildListView.cpp
1>MainMDIfrm.cpp
1>Generating Code...
1>Compiling resources...
1>Microsoft (R) Windows (R) Resource Compiler Version 6.1.6723.1
1>Copyright (C) Microsoft Corporation.  All rights reserved.
1>Linking...
1>Build log was saved at "file://c:\Users\David\Documents\Visual Studio Projects\Win32++\MDIDemo\ProjectFiles\Release\BuildLog.htm"
1>MDIDemo - 0 error(s), 0 warning(s)
========== Build: 1 succeeded, 0 failed, 0 up-to-date, 0 skipped ==========

Microsoft (R) Visual Studio Version 9.0.21022.8.
Copyright (C) Microsoft Corp. All rights reserved.
1>------ Build started: Project: MDIFrame, Configuration: Debug Win32 ------
1>Compiling...
1>MainMDIfrm.cpp
1>MDIFrameApp.cpp
1>SimpleMDIChild.cpp
1>main.cpp
1>Generating Code...
1>Compiling resources...
1>Microsoft (R) Windows (R) Resource Compiler Version 6.1.6723.1
1>Copyright (C) Microsoft Corporation.  All rights reserved.
1>Linking...
1>Build log was saved at "file://c:\Users\David\Documents\Visual Studio Projects\Win32++\MDIFrame\ProjectFiles\Debug\BuildLog.htm"
1>MDIFrame - 0 error(s), 0 warning(s)
========== Build: 1 succeeded, 0 failed, 0 up-to-date, 0 skipped ==========

Microsoft (R) Visual Studio Version 9.0.21022.8.
Copyright (C) Microsoft Corp. All rights reserved.
1>------ Build started: Project: MDIFrame, Configuration: Release Win32 ------
1>Compiling...
1>main.cpp
1>SimpleMDIChild.cpp
1>MDIFrameApp.cpp
1>MainMDIfrm.cpp
1>Generating Code...
1>Compiling resources...
1>Microsoft (R) Windows (R) Resource Compiler Version 6.1.6723.1
1>Copyright (C) Microsoft Corporation.  All rights reserved.
1>Linking...
1>Build log was saved at "file://c:\Users\David\Documents\Visual Studio Projects\Win32++\MDIFrame\ProjectFiles\Release\BuildLog.htm"
1>MDIFrame - 0 error(s), 0 warning(s)
========== Build: 1 succeeded, 0 failed, 0 up-to-date, 0 skipped ==========

Microsoft (R) Visual Studio Version 9.0.21022.8.
Copyright (C) Microsoft Corp. All rights reserved.
1>------ Build started: Project: Client, Configuration: Debug Win32 ------
1>Compiling...
1>ClientDialog.cpp
1>DialogApp.cpp
1>main.cpp
1>Client.cpp
1>Generating Code...
1>Compiling resources...
1>Microsoft (R) Windows (R) Resource Compiler Version 6.1.6723.1
1>Copyright (C) Microsoft Corporation.  All rights reserved.
1>Linking...
1>Build log was saved at "file://c:\Users\David\Documents\Visual Studio Projects\Win32++\Networking\ClientDlg\Debug\BuildLog.htm"
1>Client - 0 error(s), 0 warning(s)
========== Build: 1 succeeded, 0 failed, 0 up-to-date, 0 skipped ==========

Microsoft (R) Visual Studio Version 9.0.21022.8.
Copyright (C) Microsoft Corp. All rights reserved.
1>------ Build started: Project: Client, Configuration: Release Win32 ------
1>Compiling...
1>Client.cpp
1>main.cpp
1>DialogApp.cpp
1>ClientDialog.cpp
1>Generating Code...
1>Compiling resources...
1>Microsoft (R) Windows (R) Resource Compiler Version 6.1.6723.1
1>Copyright (C) Microsoft Corporation.  All rights reserved.
1>Linking...
1>Build log was saved at "file://c:\Users\David\Documents\Visual Studio Projects\Win32++\Networking\ClientDlg\Release\BuildLog.htm"
1>Client - 0 error(s), 0 warning(s)
========== Build: 1 succeeded, 0 failed, 0 up-to-date, 0 skipped ==========

Microsoft (R) Visual Studio Version 9.0.21022.8.
Copyright (C) Microsoft Corp. All rights reserved.
1>------ Build started: Project: Server, Configuration: Debug Win32 ------
1>Compiling...
1>main.cpp
1>Server.cpp
1>SvrDialog.cpp
1>DialogApp.cpp
1>Generating Code...
1>Compiling resources...
1>Microsoft (R) Windows (R) Resource Compiler Version 6.1.6723.1
1>Copyright (C) Microsoft Corporation.  All rights reserved.
1>Linking...
1>Build log was saved at "file://c:\Users\David\Documents\Visual Studio Projects\Win32++\Networking\ServerDlg\Debug\BuildLog.htm"
1>Server - 0 error(s), 0 warning(s)
========== Build: 1 succeeded, 0 failed, 0 up-to-date, 0 skipped ==========

Microsoft (R) Visual Studio Version 9.0.21022.8.
Copyright (C) Microsoft Corp. All rights reserved.
1>------ Build started: Project: Server, Configuration: Release Win32 ------
1>Compiling...
1>DialogApp.cpp
1>SvrDialog.cpp
1>Server.cpp
1>main.cpp
1>Generating Code...
1>Compiling resources...
1>Microsoft (R) Windows (R) Resource Compiler Version 6.1.6723.1
1>Copyright (C) Microsoft Corporation.  All rights reserved.
1>Linking...
1>Build log was saved at "file://c:\Users\David\Documents\Visual Studio Projects\Win32++\Networking\ServerDlg\Release\BuildLog.htm"
1>Server - 0 error(s), 0 warning(s)
========== Build: 1 succeeded, 0 failed, 0 up-to-date, 0 skipped ==========

Microsoft (R) Visual Studio Version 9.0.21022.8.
Copyright (C) Microsoft Corp. All rights reserved.
1>------ Build started: Project: Notepad, Configuration: Debug Win32 ------
1>Compiling...
1>Mainfrm.cpp
1>RichView.cpp
1>TextApp.cpp
1>main.cpp
1>Generating Code...
1>Compiling resources...
1>Microsoft (R) Windows (R) Resource Compiler Version 6.1.6723.1
1>Copyright (C) Microsoft Corporation.  All rights reserved.
1>Linking...
1>Build log was saved at "file://c:\Users\David\Documents\Visual Studio Projects\Win32++\Notepad\ProjectFiles\Debug\BuildLog.htm"
1>Notepad - 0 error(s), 0 warning(s)
========== Build: 1 succeeded, 0 failed, 0 up-to-date, 0 skipped ==========

Microsoft (R) Visual Studio Version 9.0.21022.8.
Copyright (C) Microsoft Corp. All rights reserved.
1>------ Build started: Project: Notepad, Configuration: Release Win32 ------
1>Compiling...
1>main.cpp
1>TextApp.cpp
1>RichView.cpp
1>Mainfrm.cpp
1>Generating Code...
1>Compiling resources...
1>Microsoft (R) Windows (R) Resource Compiler Version 6.1.6723.1
1>Copyright (C) Microsoft Corporation.  All rights reserved.
1>Linking...
1>Build log was saved at "file://c:\Users\David\Documents\Visual Studio Projects\Win32++\Notepad\ProjectFiles\Release\BuildLog.htm"
1>Notepad - 0 error(s), 0 warning(s)
========== Build: 1 succeeded, 0 failed, 0 up-to-date, 0 skipped ==========

Microsoft (R) Visual Studio Version 9.0.21022.8.
Copyright (C) Microsoft Corp. All rights reserved.
1>------ Build started: Project: Performance, Configuration: Debug Win32 ------
1>Compiling...
1>main.cpp
1>MainWnd.cpp
1>MyDialog.cpp
1>PerfApp.cpp
1>TestWnd.cpp
1>Generating Code...
1>Compiling resources...
1>Microsoft (R) Windows (R) Resource Compiler Version 6.1.6723.1
1>Copyright (C) Microsoft Corporation.  All rights reserved.
1>Compiling manifest to resources...
1>Microsoft (R) Windows (R) Resource Compiler Version 6.1.6723.1
1>Copyright (C) Microsoft Corporation.  All rights reserved.
1>Linking...
1>Embedding manifest...
1>Microsoft (R) Windows (R) Resource Compiler Version 6.1.6723.1
1>Copyright (C) Microsoft Corporation.  All rights reserved.
1>Build log was saved at "file://c:\Users\David\Documents\Visual Studio Projects\Win32++\Performance\ProjectFiles\Debug\BuildLog.htm"
1>Performance - 0 error(s), 0 warning(s)
========== Build: 1 succeeded, 0 failed, 0 up-to-date, 0 skipped ==========

Microsoft (R) Visual Studio Version 9.0.21022.8.
Copyright (C) Microsoft Corp. All rights reserved.
1>------ Build started: Project: Performance, Configuration: Release Win32 ------
1>Compiling...
1>TestWnd.cpp
1>PerfApp.cpp
1>MyDialog.cpp
1>MainWnd.cpp
1>main.cpp
1>Generating Code...
1>Compiling resources...
1>Microsoft (R) Windows (R) Resource Compiler Version 6.1.6723.1
1>Copyright (C) Microsoft Corporation.  All rights reserved.
1>Linking...
1>Embedding manifest...
1>Build log was saved at "file://c:\Users\David\Documents\Visual Studio Projects\Win32++\Performance\ProjectFiles\Release\BuildLog.htm"
1>Performance - 0 error(s), 0 warning(s)
========== Build: 1 succeeded, 0 failed, 0 up-to-date, 0 skipped ==========

Microsoft (R) Visual Studio Version 9.0.21022.8.
Copyright (C) Microsoft Corp. All rights reserved.
1>------ Build started: Project: Picture, Configuration: Debug Win32 ------
1>Compiling...
1>Mainfrm.cpp
1>PictureApp.cpp
1>View.cpp
1>main.cpp
1>Generating Code...
1>Compiling resources...
1>Microsoft (R) Windows (R) Resource Compiler Version 6.1.6723.1
1>Copyright (C) Microsoft Corporation.  All rights reserved.
1>Linking...
1>Build log was saved at "file://c:\Users\David\Documents\Visual Studio Projects\Win32++\Picture\ProjectFiles\Debug\BuildLog.htm"
1>Picture - 0 error(s), 0 warning(s)
========== Build: 1 succeeded, 0 failed, 0 up-to-date, 0 skipped ==========

Microsoft (R) Visual Studio Version 9.0.21022.8.
Copyright (C) Microsoft Corp. All rights reserved.
1>------ Build started: Project: Picture, Configuration: Release Win32 ------
1>Compiling...
1>main.cpp
1>View.cpp
1>PictureApp.cpp
1>Mainfrm.cpp
1>Generating Code...
1>Compiling resources...
1>Microsoft (R) Windows (R) Resource Compiler Version 6.1.6723.1
1>Copyright (C) Microsoft Corporation.  All rights reserved.
1>Linking...
1>Build log was saved at "file://c:\Users\David\Documents\Visual Studio Projects\Win32++\Picture\ProjectFiles\Release\BuildLog.htm"
1>Picture - 0 error(s), 0 warning(s)
========== Build: 1 succeeded, 0 failed, 0 up-to-date, 0 skipped ==========

Microsoft (R) Visual Studio Version 9.0.21022.8.
Copyright (C) Microsoft Corp. All rights reserved.
1>------ Build started: Project: PropertySheet, Configuration: Debug Win32 ------
1>Compiling...
1>Mainfrm.cpp
1>MyPropertySheet.cpp
1>PropertySheetApp.cpp
1>View.cpp
1>main.cpp
1>Generating Code...
1>Compiling resources...
1>Microsoft (R) Windows (R) Resource Compiler Version 6.1.6723.1
1>Copyright (C) Microsoft Corporation.  All rights reserved.
1>Linking...
1>Build log was saved at "file://c:\Users\David\Documents\Visual Studio Projects\Win32++\PropertySheet\ProjectFiles\Debug\BuildLog.htm"
1>PropertySheet - 0 error(s), 0 warning(s)
========== Build: 1 succeeded, 0 failed, 0 up-to-date, 0 skipped ==========

Microsoft (R) Visual Studio Version 9.0.21022.8.
Copyright (C) Microsoft Corp. All rights reserved.
1>------ Build started: Project: PropertySheet, Configuration: Release Win32 ------
1>Compiling...
1>main.cpp
1>View.cpp
1>PropertySheetApp.cpp
1>MyPropertySheet.cpp
1>Mainfrm.cpp
1>Generating Code...
1>Compiling resources...
1>Microsoft (R) Windows (R) Resource Compiler Version 6.1.6723.1
1>Copyright (C) Microsoft Corporation.  All rights reserved.
1>Linking...
1>Build log was saved at "file://c:\Users\David\Documents\Visual Studio Projects\Win32++\PropertySheet\ProjectFiles\Release\BuildLog.htm"
1>PropertySheet - 0 error(s), 0 warning(s)
========== Build: 1 succeeded, 0 failed, 0 up-to-date, 0 skipped ==========

Microsoft (R) Visual Studio Version 9.0.21022.8.
Copyright (C) Microsoft Corp. All rights reserved.
1>------ Build started: Project: Scribble_2008, Configuration: Debug Win32 ------
1>Compiling...
1>main.cpp
1>View.cpp
1>ScribbleApp.cpp
1>Mainfrm.cpp
1>Generating Code...
1>Compiling resources...
1>Microsoft (R) Windows (R) Resource Compiler Version 6.1.6723.1
1>Copyright (C) Microsoft Corporation.  All rights reserved.
1>Linking...
1>Build log was saved at "file://c:\Users\David\Documents\Visual Studio Projects\Win32++\Scribble\ProjectFiles\Debug\BuildLog.htm"
1>Scribble_2008 - 0 error(s), 0 warning(s)
========== Build: 1 succeeded, 0 failed, 0 up-to-date, 0 skipped ==========

Microsoft (R) Visual Studio Version 9.0.21022.8.
Copyright (C) Microsoft Corp. All rights reserved.
1>------ Build started: Project: Scribble_2008, Configuration: Release Win32 ------
1>Compiling...
1>main.cpp
1>View.cpp
1>ScribbleApp.cpp
1>Mainfrm.cpp
1>Generating Code...
1>Compiling resources...
1>Microsoft (R) Windows (R) Resource Compiler Version 6.1.6723.1
1>Copyright (C) Microsoft Corporation.  All rights reserved.
1>Linking...
1>Build log was saved at "file://c:\Users\David\Documents\Visual Studio Projects\Win32++\Scribble\ProjectFiles\Release\BuildLog.htm"
1>Scribble_2008 - 0 error(s), 0 warning(s)
========== Build: 1 succeeded, 0 failed, 0 up-to-date, 0 skipped ==========

Microsoft (R) Visual Studio Version 9.0.21022.8.
Copyright (C) Microsoft Corp. All rights reserved.
1>------ Build started: Project: Simple, Configuration: Debug Win32 ------
1>Compiling...
1>SimpleApp.cpp
1>View.cpp
1>main.cpp
1>Generating Code...
1>Compiling resources...
1>Microsoft (R) Windows (R) Resource Compiler Version 6.1.6723.1
1>Copyright (C) Microsoft Corporation.  All rights reserved.
1>Linking...
1>Build log was saved at "file://c:\Users\David\Documents\Visual Studio Projects\Win32++\Simple\ProjectFiles\Debug\BuildLog.htm"
1>Simple - 0 error(s), 0 warning(s)
========== Build: 1 succeeded, 0 failed, 0 up-to-date, 0 skipped ==========

Microsoft (R) Visual Studio Version 9.0.21022.8.
Copyright (C) Microsoft Corp. All rights reserved.
1>------ Build started: Project: Simple, Configuration: Release Win32 ------
1>Compiling...
1>main.cpp
1>View.cpp
1>SimpleApp.cpp
1>Generating Code...
1>Compiling resources...
1>Microsoft (R) Windows (R) Resource Compiler Version 6.1.6723.1
1>Copyright (C) Microsoft Corporation.  All rights reserved.
1>Linking...
1>Build log was saved at "file://c:\Users\David\Documents\Visual Studio Projects\Win32++\Simple\ProjectFiles\Release\BuildLog.htm"
1>Simple - 0 error(s), 0 warning(s)
========== Build: 1 succeeded, 0 failed, 0 up-to-date, 0 skipped ==========

Microsoft (R) Visual Studio Version 9.0.21022.8.
Copyright (C) Microsoft Corp. All rights reserved.
1>------ Build started: Project: Splitter, Configuration: Debug Win32 ------
1>Compiling...
1>main.cpp
1>Views.cpp
1>SplitterPanes.cpp
1>SplitterApp.cpp
1>Mainfrm.cpp
1>Generating Code...
1>Compiling resources...
1>Microsoft (R) Windows (R) Resource Compiler Version 6.1.6723.1
1>Copyright (C) Microsoft Corporation.  All rights reserved.
1>Linking...
1>Build log was saved at "file://c:\Users\David\Documents\Visual Studio Projects\Win32++\Splitter\ProjectFiles\Debug\BuildLog.htm"
1>Splitter - 0 error(s), 0 warning(s)
========== Build: 1 succeeded, 0 failed, 0 up-to-date, 0 skipped ==========

Microsoft (R) Visual Studio Version 9.0.21022.8.
Copyright (C) Microsoft Corp. All rights reserved.
1>------ Build started: Project: Splitter, Configuration: Release Win32 ------
1>Compiling...
1>main.cpp
1>Views.cpp
1>SplitterPanes.cpp
1>SplitterApp.cpp
1>Mainfrm.cpp
1>Generating Code...
1>Compiling resources...
1>Microsoft (R) Windows (R) Resource Compiler Version 6.1.6723.1
1>Copyright (C) Microsoft Corporation.  All rights reserved.
1>Linking...
1>Build log was saved at "file://c:\Users\David\Documents\Visual Studio Projects\Win32++\Splitter\ProjectFiles\Release\BuildLog.htm"
1>Splitter - 0 error(s), 0 warning(s)
========== Build: 1 succeeded, 0 failed, 0 up-to-date, 0 skipped ==========

Microsoft (R) Visual Studio Version 9.0.21022.8.
Copyright (C) Microsoft Corp. All rights reserved.
1>------ Build started: Project: TabDemo, Configuration: Debug Win32 ------
1>Compiling...
1>TabDemoApp.cpp
1>Mainfrm.cpp
1>main.cpp
1>Files.cpp
1>Classes.cpp
1>Generating Code...
1>Compiling resources...
1>Microsoft (R) Windows (R) Resource Compiler Version 6.1.6723.1
1>Copyright (C) Microsoft Corporation.  All rights reserved.
1>Linking...
1>Embedding manifest...
1>Build log was saved at "file://c:\Users\David\Documents\Visual Studio Projects\Win32++\TabDemo\ProjectFiles\Debug\BuildLog.htm"
1>TabDemo - 0 error(s), 0 warning(s)
========== Build: 1 succeeded, 0 failed, 0 up-to-date, 0 skipped ==========

Microsoft (R) Visual Studio Version 9.0.21022.8.
Copyright (C) Microsoft Corp. All rights reserved.
1>------ Build started: Project: TabDemo, Configuration: Release Win32 ------
1>Compiling...
1>TabDemoApp.cpp
1>Mainfrm.cpp
1>main.cpp
1>Files.cpp
1>Classes.cpp
1>Generating Code...
1>Compiling resources...
1>Microsoft (R) Windows (R) Resource Compiler Version 6.1.6723.1
1>Copyright (C) Microsoft Corporation.  All rights reserved.
1>Linking...
1>Embedding manifest...
1>Build log was saved at "file://c:\Users\David\Documents\Visual Studio Projects\Win32++\TabDemo\ProjectFiles\Release\BuildLog.htm"
1>TabDemo - 0 error(s), 0 warning(s)
========== Build: 1 succeeded, 0 failed, 0 up-to-date, 0 skipped ==========

Microsoft (R) Visual Studio Version 9.0.21022.8.
Copyright (C) Microsoft Corp. All rights reserved.
1>------ Build started: Project: Themes, Configuration: Debug Win32 ------
1>Compiling...
1>main.cpp
1>Mainfrm.cpp
1>ThemesApp.cpp
1>View.cpp
1>ComboBoxEx.cpp
1>Generating Code...
1>Compiling resources...
1>Microsoft (R) Windows (R) Resource Compiler Version 6.1.6723.1
1>Copyright (C) Microsoft Corporation.  All rights reserved.
1>Linking...
1>Build log was saved at "file://c:\Users\David\Documents\Visual Studio Projects\Win32++\Themes\ProjectFiles\Debug\BuildLog.htm"
1>Themes - 0 error(s), 0 warning(s)
========== Build: 1 succeeded, 0 failed, 0 up-to-date, 0 skipped ==========

Microsoft (R) Visual Studio Version 9.0.21022.8.
Copyright (C) Microsoft Corp. All rights reserved.
1>------ Build started: Project: Themes, Configuration: Release Win32 ------
1>Compiling...
1>ComboBoxEx.cpp
1>View.cpp
1>ThemesApp.cpp
1>Mainfrm.cpp
1>main.cpp
1>Generating Code...
1>Compiling resources...
1>Microsoft (R) Windows (R) Resource Compiler Version 6.1.6723.1
1>Copyright (C) Microsoft Corporation.  All rights reserved.
1>Linking...
1>Build log was saved at "file://c:\Users\David\Documents\Visual Studio Projects\Win32++\Themes\ProjectFiles\Release\BuildLog.htm"
1>Themes - 0 error(s), 0 warning(s)
========== Build: 1 succeeded, 0 failed, 0 up-to-date, 0 skipped ==========

Microsoft (R) Visual Studio Version 9.0.21022.8.
Copyright (C) Microsoft Corp. All rights reserved.
1>------ Build started: Project: Threads, Configuration: Debug Win32 ------
1>Compiling...
1>main.cpp
1>ThreadApp.cpp
1>Thread.cpp
1>TestWnd.cpp
1>MainWnd.cpp
1>Generating Code...
1>Linking...
1>Build log was saved at "file://c:\Users\David\Documents\Visual Studio Projects\Win32++\Threads\ProjectFiles\Debug\BuildLog.htm"
1>Threads - 0 error(s), 0 warning(s)
========== Build: 1 succeeded, 0 failed, 0 up-to-date, 0 skipped ==========

Microsoft (R) Visual Studio Version 9.0.21022.8.
Copyright (C) Microsoft Corp. All rights reserved.
1>------ Build started: Project: Threads, Configuration: Release Win32 ------
1>Compiling...
1>main.cpp
1>ThreadApp.cpp
1>Thread.cpp
1>TestWnd.cpp
1>MainWnd.cpp
1>Generating Code...
1>Linking...
1>Build log was saved at "file://c:\Users\David\Documents\Visual Studio Projects\Win32++\Threads\ProjectFiles\Release\BuildLog.htm"
1>Threads - 0 error(s), 0 warning(s)
========== Build: 1 succeeded, 0 failed, 0 up-to-date, 0 skipped ==========
        1 file(s) copied.
        1 file(s) copied.
        1 file(s) copied.
        1 file(s) copied.
        1 file(s) copied.
        1 file(s) copied.
        1 file(s) copied.
        1 file(s) copied.
        1 file(s) copied.
The system cannot find the file specified.
        1 file(s) copied.
        1 file(s) copied.
        1 file(s) copied.
        1 file(s) copied.
        1 file(s) copied.
        1 file(s) copied.
        1 file(s) copied.
        1 file(s) copied.
        1 file(s) copied.
        1 file(s) copied.
        1 file(s) copied.
        1 file(s) copied.
        1 file(s) copied.
        1 file(s) copied.
        1 file(s) copied.
        1 file(s) copied.
        1 file(s) copied.
        1 file(s) copied.
        1 file(s) copied.
        1 file(s) copied.
        1 file(s) copied.
        1 file(s) copied.
        1 file(s) copied.
        1 file(s) copied.
        1 file(s) copied.
        1 file(s) copied.
The system cannot find the file specified.
        1 file(s) copied.
        1 file(s) copied.
        1 file(s) copied.
        1 file(s) copied.
        1 file(s) copied.
        1 file(s) copied.
        1 file(s) copied.
        1 file(s) copied.
        1 file(s) copied.
        1 file(s) copied.
        1 file(s) copied.
        1 file(s) copied.
        1 file(s) copied.
        1 file(s) copied.
        1 file(s) copied.
        1 file(s) copied.
        1 file(s) copied.

Microsoft (R) Visual Studio Version 9.0.21022.8.
Copyright (C) Microsoft Corp. All rights reserved.
1>------ Build started: Project: Library, Configuration: Debug Win32 ------
1>Compiling...
1>treeview.cpp
1>tab.cpp
1>splitter.cpp
1>socket.cpp
1>propertysheet.cpp
1>mdi.cpp
1>listview.cpp
1>docking.cpp
1>Generating Code...
1>Compiling...
1>dialog.cpp
1>wincore.cpp
1>toolbar.cpp
1>statusbar.cpp
1>rebar.cpp
1>gdi.cpp
1>frame.cpp
1>Generating Code...
1>Creating library...
1>Build log was saved at "file://c:\Users\David\Documents\Visual Studio Projects\Win32++\StaticLibrary\ProjectFiles\Debug\BuildLog.htm"
1>Library - 0 error(s), 0 warning(s)
========== Build: 1 succeeded, 0 failed, 0 up-to-date, 0 skipped ==========

Microsoft (R) Visual Studio Version 9.0.21022.8.
Copyright (C) Microsoft Corp. All rights reserved.
1>------ Build started: Project: Library, Configuration: Release Win32 ------
1>Compiling...
1>treeview.cpp
1>tab.cpp
1>splitter.cpp
1>socket.cpp
1>propertysheet.cpp
1>mdi.cpp
1>listview.cpp
1>docking.cpp
1>Generating Code...
1>Compiling...
1>dialog.cpp
1>wincore.cpp
1>toolbar.cpp
1>statusbar.cpp
1>rebar.cpp
1>gdi.cpp
1>frame.cpp
1>Generating Code...
1>Creating library...
1>Build log was saved at "file://c:\Users\David\Documents\Visual Studio Projects\Win32++\StaticLibrary\ProjectFiles\Release\BuildLog.htm"
1>Library - 0 error(s), 0 warning(s)
========== Build: 1 succeeded, 0 failed, 0 up-to-date, 0 skipped ==========

Microsoft (R) Visual Studio Version 9.0.21022.8.
Copyright (C) Microsoft Corp. All rights reserved.
1>------ Build started: Project: Frame, Configuration: Debug Win32 ------
1>Compiling...
1>main.cpp
1>FrameApp.cpp
1>View.cpp
1>Mainfrm.cpp
1>Compiling resources...
1>Microsoft (R) Windows (R) Resource Compiler Version 6.1.6723.1
1>Copyright (C) Microsoft Corporation.  All rights reserved.
1>Linking...
1>Build log was saved at "file://c:\Users\David\Documents\Visual Studio Projects\Win32++\StaticLibrary\Frame\Debug\BuildLog.htm"
1>Frame - 0 error(s), 0 warning(s)
========== Build: 1 succeeded, 0 failed, 0 up-to-date, 0 skipped ==========

Microsoft (R) Visual Studio Version 9.0.21022.8.
Copyright (C) Microsoft Corp. All rights reserved.
1>------ Build started: Project: Frame, Configuration: Release Win32 ------
1>Compiling...
1>main.cpp
1>FrameApp.cpp
1>View.cpp
1>Mainfrm.cpp
1>Compiling resources...
1>Microsoft (R) Windows (R) Resource Compiler Version 6.1.6723.1
1>Copyright (C) Microsoft Corporation.  All rights reserved.
1>Linking...
1>Build log was saved at "file://c:\Users\David\Documents\Visual Studio Projects\Win32++\StaticLibrary\Frame\Release\BuildLog.htm"
1>Frame - 0 error(s), 0 warning(s)
========== Build: 1 succeeded, 0 failed, 0 up-to-date, 0 skipped ==========
        1 file(s) copied.
        1 file(s) copied.

Microsoft (R) Visual Studio Version 9.0.21022.8.
Copyright (C) Microsoft Corp. All rights reserved.
1>------ Build started: Project: Tutorial1, Configuration: Debug Win32 ------
1>Compiling...
1>main.cpp
1>Linking...
1>Build log was saved at "file://c:\Users\David\Documents\Visual Studio Projects\Win32++\Tutorial1\Debug\BuildLog.htm"
1>Tutorial1 - 0 error(s), 0 warning(s)
========== Build: 1 succeeded, 0 failed, 0 up-to-date, 0 skipped ==========

Microsoft (R) Visual Studio Version 9.0.21022.8.
Copyright (C) Microsoft Corp. All rights reserved.
1>------ Build started: Project: Tutorial1, Configuration: Release Win32 ------
1>Compiling...
1>main.cpp
1>Linking...
1>Build log was saved at "file://c:\Users\David\Documents\Visual Studio Projects\Win32++\Tutorial1\Release\BuildLog.htm"
1>Tutorial1 - 0 error(s), 0 warning(s)
========== Build: 1 succeeded, 0 failed, 0 up-to-date, 0 skipped ==========

Microsoft (R) Visual Studio Version 9.0.21022.8.
Copyright (C) Microsoft Corp. All rights reserved.
1>------ Build started: Project: Tutorial2, Configuration: Debug Win32 ------
1>Compiling...
1>main.cpp
1>Linking...
1>Build log was saved at "file://c:\Users\David\Documents\Visual Studio Projects\Win32++\Tutorial2\Debug\BuildLog.htm"
1>Tutorial2 - 0 error(s), 0 warning(s)
========== Build: 1 succeeded, 0 failed, 0 up-to-date, 0 skipped ==========

Microsoft (R) Visual Studio Version 9.0.21022.8.
Copyright (C) Microsoft Corp. All rights reserved.
1>------ Build started: Project: Tutorial2, Configuration: Release Win32 ------
1>Compiling...
1>main.cpp
1>Linking...
1>Build log was saved at "file://c:\Users\David\Documents\Visual Studio Projects\Win32++\Tutorial2\Release\BuildLog.htm"
1>Tutorial2 - 0 error(s), 0 warning(s)
========== Build: 1 succeeded, 0 failed, 0 up-to-date, 0 skipped ==========

Microsoft (R) Visual Studio Version 9.0.21022.8.
Copyright (C) Microsoft Corp. All rights reserved.
1>------ Build started: Project: Tutorial3, Configuration: Debug Win32 ------
1>Compiling...
1>ScribbleApp.cpp
1>View.cpp
1>main.cpp
1>Generating Code...
1>Linking...
1>Build log was saved at "file://c:\Users\David\Documents\Visual Studio Projects\Win32++\Tutorial3\Debug\BuildLog.htm"
1>Tutorial3 - 0 error(s), 0 warning(s)
========== Build: 1 succeeded, 0 failed, 0 up-to-date, 0 skipped ==========

Microsoft (R) Visual Studio Version 9.0.21022.8.
Copyright (C) Microsoft Corp. All rights reserved.
1>------ Build started: Project: Tutorial3, Configuration: Release Win32 ------
1>Compiling...
1>main.cpp
1>View.cpp
1>ScribbleApp.cpp
1>Generating Code...
1>Linking...
1>Build log was saved at "file://c:\Users\David\Documents\Visual Studio Projects\Win32++\Tutorial3\Release\BuildLog.htm"
1>Tutorial3 - 0 error(s), 0 warning(s)
========== Build: 1 succeeded, 0 failed, 0 up-to-date, 0 skipped ==========

Microsoft (R) Visual Studio Version 9.0.21022.8.
Copyright (C) Microsoft Corp. All rights reserved.
1>------ Build started: Project: Tutorial4, Configuration: Debug Win32 ------
1>Compiling...
1>ScribbleApp.cpp
1>View.cpp
1>main.cpp
1>Generating Code...
1>Linking...
1>Build log was saved at "file://c:\Users\David\Documents\Visual Studio Projects\Win32++\Tutorial4\Debug\BuildLog.htm"
1>Tutorial4 - 0 error(s), 0 warning(s)
========== Build: 1 succeeded, 0 failed, 0 up-to-date, 0 skipped ==========

Microsoft (R) Visual Studio Version 9.0.21022.8.
Copyright (C) Microsoft Corp. All rights reserved.
1>------ Build started: Project: Tutorial4, Configuration: Release Win32 ------
1>Compiling...
1>main.cpp
1>View.cpp
1>ScribbleApp.cpp
1>Generating Code...
1>Linking...
1>Build log was saved at "file://c:\Users\David\Documents\Visual Studio Projects\Win32++\Tutorial4\Release\BuildLog.htm"
1>Tutorial4 - 0 error(s), 0 warning(s)
========== Build: 1 succeeded, 0 failed, 0 up-to-date, 0 skipped ==========

Microsoft (R) Visual Studio Version 9.0.21022.8.
Copyright (C) Microsoft Corp. All rights reserved.
1>------ Build started: Project: Tutorial5, Configuration: Debug Win32 ------
1>Compiling...
1>Mainfrm.cpp
1>ScribbleApp.cpp
1>View.cpp
1>main.cpp
1>Generating Code...
1>Compiling resources...
1>Microsoft (R) Windows (R) Resource Compiler Version 6.1.6723.1
1>Copyright (C) Microsoft Corporation.  All rights reserved.
1>Linking...
1>Build log was saved at "file://c:\Users\David\Documents\Visual Studio Projects\Win32++\Tutorial5\Debug\BuildLog.htm"
1>Tutorial5 - 0 error(s), 0 warning(s)
========== Build: 1 succeeded, 0 failed, 0 up-to-date, 0 skipped ==========

Microsoft (R) Visual Studio Version 9.0.21022.8.
Copyright (C) Microsoft Corp. All rights reserved.
1>------ Build started: Project: Tutorial5, Configuration: Release Win32 ------
1>Compiling...
1>main.cpp
1>View.cpp
1>ScribbleApp.cpp
1>Mainfrm.cpp
1>Generating Code...
1>Compiling resources...
1>Microsoft (R) Windows (R) Resource Compiler Version 6.1.6723.1
1>Copyright (C) Microsoft Corporation.  All rights reserved.
1>Linking...
1>Build log was saved at "file://c:\Users\David\Documents\Visual Studio Projects\Win32++\Tutorial5\Release\BuildLog.htm"
1>Tutorial5 - 0 error(s), 0 warning(s)
========== Build: 1 succeeded, 0 failed, 0 up-to-date, 0 skipped ==========

Microsoft (R) Visual Studio Version 9.0.21022.8.
Copyright (C) Microsoft Corp. All rights reserved.
1>------ Build started: Project: Tutorial6, Configuration: Debug Win32 ------
1>Compiling...
1>Mainfrm.cpp
1>ScribbleApp.cpp
1>View.cpp
1>main.cpp
1>Generating Code...
1>Compiling resources...
1>Microsoft (R) Windows (R) Resource Compiler Version 6.1.6723.1
1>Copyright (C) Microsoft Corporation.  All rights reserved.
1>Linking...
1>Build log was saved at "file://c:\Users\David\Documents\Visual Studio Projects\Win32++\Tutorial6\Debug\BuildLog.htm"
1>Tutorial6 - 0 error(s), 0 warning(s)
========== Build: 1 succeeded, 0 failed, 0 up-to-date, 0 skipped ==========

Microsoft (R) Visual Studio Version 9.0.21022.8.
Copyright (C) Microsoft Corp. All rights reserved.
1>------ Build started: Project: Tutorial6, Configuration: Release Win32 ------
1>Compiling...
1>main.cpp
1>View.cpp
1>ScribbleApp.cpp
1>Mainfrm.cpp
1>Generating Code...
1>Compiling resources...
1>Microsoft (R) Windows (R) Resource Compiler Version 6.1.6723.1
1>Copyright (C) Microsoft Corporation.  All rights reserved.
1>Linking...
1>Build log was saved at "file://c:\Users\David\Documents\Visual Studio Projects\Win32++\Tutorial6\Release\BuildLog.htm"
1>Tutorial6 - 0 error(s), 0 warning(s)
========== Build: 1 succeeded, 0 failed, 0 up-to-date, 0 skipped ==========

Microsoft (R) Visual Studio Version 9.0.21022.8.
Copyright (C) Microsoft Corp. All rights reserved.
1>------ Build started: Project: Tutorial7, Configuration: Debug Win32 ------
1>Compiling...
1>Mainfrm.cpp
1>ScribbleApp.cpp
1>View.cpp
1>main.cpp
1>Generating Code...
1>Compiling resources...
1>Microsoft (R) Windows (R) Resource Compiler Version 6.1.6723.1
1>Copyright (C) Microsoft Corporation.  All rights reserved.
1>Linking...
1>Build log was saved at "file://c:\Users\David\Documents\Visual Studio Projects\Win32++\Tutorial7\Debug\BuildLog.htm"
1>Tutorial7 - 0 error(s), 0 warning(s)
========== Build: 1 succeeded, 0 failed, 0 up-to-date, 0 skipped ==========

Microsoft (R) Visual Studio Version 9.0.21022.8.
Copyright (C) Microsoft Corp. All rights reserved.
1>------ Build started: Project: Tutorial7, Configuration: Release Win32 ------
1>Compiling...
1>main.cpp
1>View.cpp
1>ScribbleApp.cpp
1>Mainfrm.cpp
1>Generating Code...
1>Compiling resources...
1>Microsoft (R) Windows (R) Resource Compiler Version 6.1.6723.1
1>Copyright (C) Microsoft Corporation.  All rights reserved.
1>Linking...
1>Build log was saved at "file://c:\Users\David\Documents\Visual Studio Projects\Win32++\Tutorial7\Release\BuildLog.htm"
1>Tutorial7 - 0 error(s), 0 warning(s)
========== Build: 1 succeeded, 0 failed, 0 up-to-date, 0 skipped ==========

Microsoft (R) Visual Studio Version 9.0.21022.8.
Copyright (C) Microsoft Corp. All rights reserved.
1>------ Build started: Project: Tutorial8, Configuration: Debug Win32 ------
1>Compiling...
1>main.cpp
1>View.cpp
1>ScribbleApp.cpp
1>Mainfrm.cpp
1>c:\users\david\documents\visual studio projects\win32++\tutorial8\mainfrm.cpp(19) : warning C4100: 'lParam' : unreferenced formal parameter
1>Generating Code...
1>Compiling resources...
1>Microsoft (R) Windows (R) Resource Compiler Version 6.1.6723.1
1>Copyright (C) Microsoft Corporation.  All rights reserved.
1>Linking...
1>Build log was saved at "file://c:\Users\David\Documents\Visual Studio Projects\Win32++\Tutorial8\Debug\BuildLog.htm"
1>Tutorial8 - 0 error(s), 1 warning(s)
========== Build: 1 succeeded, 0 failed, 0 up-to-date, 0 skipped ==========

Microsoft (R) Visual Studio Version 9.0.21022.8.
Copyright (C) Microsoft Corp. All rights reserved.
1>------ Build started: Project: Tutorial8, Configuration: Release Win32 ------
1>Compiling...
1>main.cpp
1>View.cpp
1>ScribbleApp.cpp
1>Mainfrm.cpp
1>Generating Code...
1>Compiling resources...
1>Microsoft (R) Windows (R) Resource Compiler Version 6.1.6723.1
1>Copyright (C) Microsoft Corporation.  All rights reserved.
1>Linking...
1>Build log was saved at "file://c:\Users\David\Documents\Visual Studio Projects\Win32++\Tutorial8\Release\BuildLog.htm"
1>Tutorial8 - 0 error(s), 0 warning(s)
========== Build: 1 succeeded, 0 failed, 0 up-to-date, 0 skipped ==========

Microsoft (R) Visual Studio Version 9.0.21022.8.
Copyright (C) Microsoft Corp. All rights reserved.
1>------ Build started: Project: Tutorial9, Configuration: Debug Win32 ------
1>Compiling...
1>main.cpp
1>View.cpp
1>ScribbleApp.cpp
1>Mainfrm.cpp
1>c:\users\david\documents\visual studio projects\win32++\tutorial9\mainfrm.cpp(19) : warning C4100: 'lParam' : unreferenced formal parameter
1>Generating Code...
1>Compiling resources...
1>Microsoft (R) Windows (R) Resource Compiler Version 6.1.6723.1
1>Copyright (C) Microsoft Corporation.  All rights reserved.
1>Linking...
1>Build log was saved at "file://c:\Users\David\Documents\Visual Studio Projects\Win32++\Tutorial9\Debug\BuildLog.htm"
1>Tutorial9 - 0 error(s), 1 warning(s)
========== Build: 1 succeeded, 0 failed, 0 up-to-date, 0 skipped ==========

Microsoft (R) Visual Studio Version 9.0.21022.8.
Copyright (C) Microsoft Corp. All rights reserved.
1>------ Build started: Project: Tutorial9, Configuration: Release Win32 ------
1>Compiling...
1>main.cpp
1>View.cpp
1>ScribbleApp.cpp
1>Mainfrm.cpp
1>Generating Code...
1>Compiling resources...
1>Microsoft (R) Windows (R) Resource Compiler Version 6.1.6723.1
1>Copyright (C) Microsoft Corporation.  All rights reserved.
1>Linking...
1>Build log was saved at "file://c:\Users\David\Documents\Visual Studio Projects\Win32++\Tutorial9\Release\BuildLog.htm"
1>Tutorial9 - 0 error(s), 0 warning(s)
========== Build: 1 succeeded, 0 failed, 0 up-to-date, 0 skipped ==========
        1 file(s) copied.
        1 file(s) copied.
        1 file(s) copied.
        1 file(s) copied.
        1 file(s) copied.
        1 file(s) copied.
        1 file(s) copied.
        1 file(s) copied.
        1 file(s) copied.
        1 file(s) copied.
        1 file(s) copied.
        1 file(s) copied.
        1 file(s) copied.
        1 file(s) copied.
        1 file(s) copied.
        1 file(s) copied.
        1 file(s) copied.
        1 file(s) copied.
